/*C12*/SET SCHEMA PUBLIC
INSERT INTO SERVICES VALUES(4,FALSE,TRUE,TRUE,'INTERNET_PAYMENT',0.0E0,'Etisalat','INTERNET_PAYMENT')
COMMIT
INSERT INTO SERVICES VALUES(5,FALSE,TRUE,TRUE,'INTERNET_PAYMENT',0.0E0,'Vodafone','INTERNET_PAYMENT')
COMMIT
INSERT INTO SERVICES VALUES(6,FALSE,TRUE,TRUE,'INTERNET_PAYMENT',0.0E0,'We','INTERNET_PAYMENT')
COMMIT
/*C3*/SET SCHEMA PUBLIC
DISCONNECT
/*C4*/SET SCHEMA PUBLIC
DISCONNECT
INSERT INTO SERVICES VALUES(7,FALSE,TRUE,TRUE,'INTERNET_PAYMENT',0.0E0,'Orange','INTERNET_PAYMENT')
COMMIT
/*C6*/SET SCHEMA PUBLIC
DISCONNECT
/*C7*/SET SCHEMA PUBLIC
DISCONNECT
INSERT INTO SERVICES VALUES(8,FALSE,TRUE,TRUE,'Donation',0.0E0,'Orange','INTERNET_PAYMENT')
COMMIT
/*C16*/SET SCHEMA PUBLIC
DISCONNECT
/*C14*/SET SCHEMA PUBLIC
DISCONNECT
/*C12*/DISCONNECT
/*C20*/SET SCHEMA PUBLIC
DISCONNECT
/*C18*/SET SCHEMA PUBLIC
DISCONNECT
/*C13*/SET SCHEMA PUBLIC
DISCONNECT
/*C15*/SET SCHEMA PUBLIC
DISCONNECT
/*C21*/SET SCHEMA PUBLIC
DISCONNECT
/*C17*/SET SCHEMA PUBLIC
DISCONNECT
/*C19*/SET SCHEMA PUBLIC
DISCONNECT
/*C8*/SET SCHEMA PUBLIC
DISCONNECT
/*C22*/SET SCHEMA PUBLIC
DISCONNECT
/*C23*/SET SCHEMA PUBLIC
DISCONNECT
/*C24*/SET SCHEMA PUBLIC
DISCONNECT
/*C25*/SET SCHEMA PUBLIC
DISCONNECT
/*C26*/SET SCHEMA PUBLIC
DISCONNECT
/*C27*/SET SCHEMA PUBLIC
DISCONNECT
/*C28*/SET SCHEMA PUBLIC
DISCONNECT
/*C29*/SET SCHEMA PUBLIC
DISCONNECT
/*C30*/SET SCHEMA PUBLIC
DISCONNECT
/*C31*/SET SCHEMA PUBLIC
DISCONNECT
/*C3*/SET SCHEMA PUBLIC
DISCONNECT
/*C4*/SET SCHEMA PUBLIC
DISCONNECT
/*C5*/SET SCHEMA PUBLIC
DISCONNECT
/*C6*/SET SCHEMA PUBLIC
DISCONNECT
/*C7*/SET SCHEMA PUBLIC
DISCONNECT
/*C8*/SET SCHEMA PUBLIC
DISCONNECT
/*C9*/SET SCHEMA PUBLIC
DISCONNECT
/*C10*/SET SCHEMA PUBLIC
DISCONNECT
/*C11*/SET SCHEMA PUBLIC
DISCONNECT
/*C12*/SET SCHEMA PUBLIC
DISCONNECT
/*C3*/SET SCHEMA PUBLIC
DELETE FROM CREDIT_CARDS WHERE ID=1
INSERT INTO CREDIT_CARDS VALUES(1,900.0E0,'Salma','123456789','123','2020/06',2)
COMMIT
DISCONNECT
/*C4*/SET SCHEMA PUBLIC
DISCONNECT
/*C5*/SET SCHEMA PUBLIC
DISCONNECT
/*C6*/SET SCHEMA PUBLIC
DISCONNECT
/*C7*/SET SCHEMA PUBLIC
DISCONNECT
/*C8*/SET SCHEMA PUBLIC
DISCONNECT
/*C9*/SET SCHEMA PUBLIC
DISCONNECT
/*C10*/SET SCHEMA PUBLIC
DISCONNECT
/*C11*/SET SCHEMA PUBLIC
DISCONNECT
/*C12*/SET SCHEMA PUBLIC
DISCONNECT
/*C3*/SET SCHEMA PUBLIC
DELETE FROM CREDIT_CARDS WHERE ID=1
INSERT INTO CREDIT_CARDS VALUES(1,900.0E0,'Salma','123456789','123','2020/06',2)
COMMIT
DISCONNECT
/*C4*/SET SCHEMA PUBLIC
DISCONNECT
/*C5*/SET SCHEMA PUBLIC
DISCONNECT
/*C6*/SET SCHEMA PUBLIC
DISCONNECT
/*C7*/SET SCHEMA PUBLIC
DISCONNECT
/*C8*/SET SCHEMA PUBLIC
DISCONNECT
/*C9*/SET SCHEMA PUBLIC
DISCONNECT
/*C10*/SET SCHEMA PUBLIC
DISCONNECT
/*C11*/SET SCHEMA PUBLIC
DISCONNECT
/*C12*/SET SCHEMA PUBLIC
DISCONNECT
/*C3*/SET SCHEMA PUBLIC
DELETE FROM CREDIT_CARDS WHERE ID=1
INSERT INTO CREDIT_CARDS VALUES(1,900.0E0,'Salma','123456789','123','2020/06',2)
COMMIT
INSERT INTO TRANSACTIONS VALUES(1,100.0E0,TRUE,NULL,NULL,7,2)
INSERT INTO PAYMENT_TRANSACTION VALUES(1)
COMMIT
